###############################################################################
#                                                                             #
# IAR C/C++ Compiler V8.10.3.10338/W32 for 8051         18/Sep/2022  11:20:26 #
# Copyright 2004-2011 IAR Systems AB.                                         #
#                                                                             #
#    Core               =  plain                                              #
#    Code model         =  banked                                             #
#    Data model         =  large                                              #
#    Calling convention =  xdata reentrant                                    #
#    Constant location  =  data_rom                                           #
#    Dptr setup         =  1,16                                               #
#    Source file        =  F:\STM32\2 zigbee程序\ZStack-CC2530-2.3.0-1.4.0\Pr #
#                          ojects\zstack\Samples\SampleApp\Source\SampleApp.c #
#    Command line       =  -f "F:\STM32\2 zigbee程序\ZStack-CC2530-2.3.0-1.4. #
#                          0\Projects\zstack\Samples\SampleApp\CC2530DB\..\.. #
#                          \..\Tools\CC2530DB\f8wEndev.cfg" (-DCPU32MHZ       #
#                          -DROOT=__near_func -DBLINK_LEDS) -f "F:\STM32\2    #
#                          zigbee程序\ZStack-CC2530-2.3.0-1.4.0\Projects\zsta #
#                          ck\Samples\SampleApp\CC2530DB\..\..\..\Tools\CC253 #
#                          0DB\f8wConfig.cfg" (-DSECURE=0                     #
#                          -DZG_SECURE_DYNAMIC=0 -DREFLECTOR                  #
#                          -DDEFAULT_CHANLIST=0x00000800                      #
#                          -DZDAPP_CONFIG_PAN_ID=0xFFF1                       #
#                          -DNWK_START_DELAY=100 -DEXTENDED_JOINING_RANDOM_MA #
#                          SK=0x007F -DBEACON_REQUEST_DELAY=100               #
#                          -DBEACON_REQ_DELAY_MASK=0x00FF                     #
#                          -DROUTE_EXPIRY_TIME=30 -DAPSC_ACK_WAIT_DURATION_PO #
#                          LLED=3000 -DNWK_INDIRECT_MSG_TIMEOUT=7             #
#                          -DMAX_RREQ_ENTRIES=8 -DAPSC_MAX_FRAME_RETRIES=3    #
#                          -DNWK_MAX_DATA_RETRIES=2                           #
#                          -DMAX_POLL_FAILURE_RETRIES=2 -DMAX_BCAST=9         #
#                          -DAPS_MAX_GROUPS=16 -DMAX_RTG_ENTRIES=40           #
#                          -DNWK_MAX_BINDING_ENTRIES=4                        #
#                          -DMAX_BINDING_CLUSTER_IDS=4 "-DDEFAULT_KEY={0x01,  #
#                          0x03, 0x05, 0x07, 0x09, 0x0B, 0x0D, 0x0F, 0x00,    #
#                          0x02, 0x04, 0x06, 0x08, 0x0A, 0x0C, 0x0D}"         #
#                          -DMAC_MAX_FRAME_SIZE=116 "-DCONST=const __code"    #
#                          -DGENERIC=__generic -DRFD_RCVC_ALWAYS_ON=FALSE     #
#                          -DPOLL_RATE=1000 -DQUEUED_POLL_RATE=100            #
#                          -DRESPONSE_POLL_RATE=100) -DREJOIN_POLL_RATE=440   #
#                          "F:\STM32\2 zigbee程序\ZStack-CC2530-2.3.0-1.4.0\P #
#                          rojects\zstack\Samples\SampleApp\Source\SampleApp. #
#                          c" -D ZIGBEEPRO -D NWK_AUTO_POLL -D ZTOOL_P1 -D    #
#                          xMT_TASK -D xMT_SYS_FUNC -D xMT_ZDO_FUNC -D        #
#                          LCD_SUPPORTED=DEBUG -lC "F:\STM32\2                #
#                          zigbee程序\ZStack-CC2530-2.3.0-1.4.0\Projects\zsta #
#                          ck\Samples\SampleApp\CC2530DB\EndDeviceEB-Pro\List #
#                          \" -lA "F:\STM32\2 zigbee程序\ZStack-CC2530-2.3.0- #
#                          1.4.0\Projects\zstack\Samples\SampleApp\CC2530DB\E #
#                          ndDeviceEB-Pro\List\" --diag_suppress Pe001,Pa010  #
#                          -o "F:\STM32\2 zigbee程序\ZStack-CC2530-2.3.0-1.4. #
#                          0\Projects\zstack\Samples\SampleApp\CC2530DB\EndDe #
#                          viceEB-Pro\Obj\" -e --debug --core=plain           #
#                          --dptr=16,1 --data_model=large                     #
#                          --code_model=banked --calling_convention=xdata_ree #
#                          ntrant --place_constants=data_rom                  #
#                          --nr_virtual_regs 16 -I "F:\STM32\2                #
#                          zigbee程序\ZStack-CC2530-2.3.0-1.4.0\Projects\zsta #
#                          ck\Samples\SampleApp\CC2530DB\" -I "F:\STM32\2     #
#                          zigbee程序\ZStack-CC2530-2.3.0-1.4.0\Projects\zsta #
#                          ck\Samples\SampleApp\CC2530DB\..\SOURCE\" -I       #
#                          "F:\STM32\2 zigbee程序\ZStack-CC2530-2.3.0-1.4.0\P #
#                          rojects\zstack\Samples\SampleApp\CC2530DB\..\..\.. #
#                          \ZMAIN\TI2530DB\" -I "F:\STM32\2                   #
#                          zigbee程序\ZStack-CC2530-2.3.0-1.4.0\Projects\zsta #
#                          ck\Samples\SampleApp\CC2530DB\..\..\..\..\..\COMPO #
#                          NENTS\MT\" -I "F:\STM32\2                          #
#                          zigbee程序\ZStack-CC2530-2.3.0-1.4.0\Projects\zsta #
#                          ck\Samples\SampleApp\CC2530DB\..\..\..\..\..\COMPO #
#                          NENTS\HAL\INCLUDE\" -I "F:\STM32\2                 #
#                          zigbee程序\ZStack-CC2530-2.3.0-1.4.0\Projects\zsta #
#                          ck\Samples\SampleApp\CC2530DB\..\..\..\..\..\COMPO #
#                          NENTS\HAL\TARGET\CC2530EB\" -I "F:\STM32\2         #
#                          zigbee程序\ZStack-CC2530-2.3.0-1.4.0\Projects\zsta #
#                          ck\Samples\SampleApp\CC2530DB\..\..\..\..\..\COMPO #
#                          NENTS\OSAL\MCU\CCSOC\" -I "F:\STM32\2              #
#                          zigbee程序\ZStack-CC2530-2.3.0-1.4.0\Projects\zsta #
#                          ck\Samples\SampleApp\CC2530DB\..\..\..\..\..\COMPO #
#                          NENTS\OSAL\INCLUDE\" -I "F:\STM32\2                #
#                          zigbee程序\ZStack-CC2530-2.3.0-1.4.0\Projects\zsta #
#                          ck\Samples\SampleApp\CC2530DB\..\..\..\..\..\COMPO #
#                          NENTS\STACK\AF\" -I "F:\STM32\2                    #
#                          zigbee程序\ZStack-CC2530-2.3.0-1.4.0\Projects\zsta #
#                          ck\Samples\SampleApp\CC2530DB\..\..\..\..\..\COMPO #
#                          NENTS\STACK\NWK\" -I "F:\STM32\2                   #
#                          zigbee程序\ZStack-CC2530-2.3.0-1.4.0\Projects\zsta #
#                          ck\Samples\SampleApp\CC2530DB\..\..\..\..\..\COMPO #
#                          NENTS\STACK\SEC\" -I "F:\STM32\2                   #
#                          zigbee程序\ZStack-CC2530-2.3.0-1.4.0\Projects\zsta #
#                          ck\Samples\SampleApp\CC2530DB\..\..\..\..\..\COMPO #
#                          NENTS\STACK\SAPI\" -I "F:\STM32\2                  #
#                          zigbee程序\ZStack-CC2530-2.3.0-1.4.0\Projects\zsta #
#                          ck\Samples\SampleApp\CC2530DB\..\..\..\..\..\COMPO #
#                          NENTS\STACK\SYS\" -I "F:\STM32\2                   #
#                          zigbee程序\ZStack-CC2530-2.3.0-1.4.0\Projects\zsta #
#                          ck\Samples\SampleApp\CC2530DB\..\..\..\..\..\COMPO #
#                          NENTS\STACK\ZDO\" -I "F:\STM32\2                   #
#                          zigbee程序\ZStack-CC2530-2.3.0-1.4.0\Projects\zsta #
#                          ck\Samples\SampleApp\CC2530DB\..\..\..\..\..\COMPO #
#                          NENTS\ZMAC\F8W\" -I "F:\STM32\2                    #
#                          zigbee程序\ZStack-CC2530-2.3.0-1.4.0\Projects\zsta #
#                          ck\Samples\SampleApp\CC2530DB\..\..\..\..\..\COMPO #
#                          NENTS\ZMAC\" -I "F:\STM32\2                        #
#                          zigbee程序\ZStack-CC2530-2.3.0-1.4.0\Projects\zsta #
#                          ck\Samples\SampleApp\CC2530DB\..\..\..\..\..\COMPO #
#                          NENTS\SERVICES\SADDR\" -I "F:\STM32\2              #
#                          zigbee程序\ZStack-CC2530-2.3.0-1.4.0\Projects\zsta #
#                          ck\Samples\SampleApp\CC2530DB\..\..\..\..\..\COMPO #
#                          NENTS\SERVICES\SDATA\" -I "F:\STM32\2              #
#                          zigbee程序\ZStack-CC2530-2.3.0-1.4.0\Projects\zsta #
#                          ck\Samples\SampleApp\CC2530DB\..\..\..\..\..\COMPO #
#                          NENTS\MAC\INCLUDE\" -I "F:\STM32\2                 #
#                          zigbee程序\ZStack-CC2530-2.3.0-1.4.0\Projects\zsta #
#                          ck\Samples\SampleApp\CC2530DB\..\..\..\..\..\COMPO #
#                          NENTS\MAC\HIGH_LEVEL\" -I "F:\STM32\2              #
#                          zigbee程序\ZStack-CC2530-2.3.0-1.4.0\Projects\zsta #
#                          ck\Samples\SampleApp\CC2530DB\..\..\..\..\..\COMPO #
#                          NENTS\MAC\LOW_LEVEL\srf04\" -I "F:\STM32\2         #
#                          zigbee程序\ZStack-CC2530-2.3.0-1.4.0\Projects\zsta #
#                          ck\Samples\SampleApp\CC2530DB\..\..\..\..\..\COMPO #
#                          NENTS\MAC\LOW_LEVEL\srf04\SINGLE_CHIP\" -Ohz       #
#    List file          =  F:\STM32\2 zigbee程序\ZStack-CC2530-2.3.0-1.4.0\Pr #
#                          ojects\zstack\Samples\SampleApp\CC2530DB\EndDevice #
#                          EB-Pro\List\SampleApp.lst                          #
#    Object file        =  F:\STM32\2 zigbee程序\ZStack-CC2530-2.3.0-1.4.0\Pr #
#                          ojects\zstack\Samples\SampleApp\CC2530DB\EndDevice #
#                          EB-Pro\Obj\SampleApp.r51                           #
#                                                                             #
#                                                                             #
###############################################################################

F:\STM32\2 zigbee程序\ZStack-CC2530-2.3.0-1.4.0\Projects\zstack\Samples\SampleApp\Source\SampleApp.c
      1          /**************************************************************************************************
      2            Filename:       SampleApp.c
      3            Revised:        $Date: 2009-03-18 15:56:27 -0700 (Wed, 18 Mar 2009) $
      4            Revision:       $Revision: 19453 $
      5          
      6            Description:    Sample Application (no Profile).
      7          
      8          
      9            Copyright 2007 Texas Instruments Incorporated. All rights reserved.
     10          
     11            IMPORTANT: Your use of this Software is limited to those specific rights
     12            granted under the terms of a software license agreement between the user
     13            who downloaded the software, his/her employer (which must be your employer)
     14            and Texas Instruments Incorporated (the "License").  You may not use this
     15            Software unless you agree to abide by the terms of the License. The License
     16            limits your use, and you acknowledge, that the Software may not be modified,
     17            copied or distributed unless embedded on a Texas Instruments microcontroller
     18            or used solely and exclusively in conjunction with a Texas Instruments radio
     19            frequency transceiver, which is integrated into your product.  Other than for
     20            the foregoing purpose, you may not use, reproduce, copy, prepare derivative
     21            works of, modify, distribute, perform, display or sell this Software and/or
     22            its documentation for any purpose.
     23          
     24            YOU FURTHER ACKNOWLEDGE AND AGREE THAT THE SOFTWARE AND DOCUMENTATION ARE
     25            PROVIDED AS IS?WITHOUT WARRANTY OF ANY KIND, EITHER EXPRESS OR IMPLIED,
     26            INCLUDING WITHOUT LIMITATION, ANY WARRANTY OF MERCHANTABILITY, TITLE,
     27            NON-INFRINGEMENT AND FITNESS FOR A PARTICULAR PURPOSE. IN NO EVENT SHALL
     28            TEXAS INSTRUMENTS OR ITS LICENSORS BE LIABLE OR OBLIGATED UNDER CONTRACT,
     29            NEGLIGENCE, STRICT LIABILITY, CONTRIBUTION, BREACH OF WARRANTY, OR OTHER
     30            LEGAL EQUITABLE THEORY ANY DIRECT OR INDIRECT DAMAGES OR EXPENSES
     31            INCLUDING BUT NOT LIMITED TO ANY INCIDENTAL, SPECIAL, INDIRECT, PUNITIVE
     32            OR CONSEQUENTIAL DAMAGES, LOST PROFITS OR LOST DATA, COST OF PROCUREMENT
     33            OF SUBSTITUTE GOODS, TECHNOLOGY, SERVICES, OR ANY CLAIMS BY THIRD PARTIES
     34            (INCLUDING BUT NOT LIMITED TO ANY DEFENSE THEREOF), OR OTHER SIMILAR COSTS.
     35          
     36            Should you have any questions regarding your right to use this Software,
     37            contact Texas Instruments Incorporated at www.TI.com.
     38          **************************************************************************************************/
     39          
     40          /*********************************************************************
     41            This application isn't intended to do anything useful, it is
     42            intended to be a simple example of an application's structure.
     43          
     44            This application sends it's messages either as broadcast or
     45            broadcast filtered group messages.  The other (more normal)
     46            message addressing is unicast.  Most of the other sample
     47            applications are written to support the unicast message model.
     48          
     49            Key control:
     50              SW1:  Sends a flash command to all devices in Group 1.
     51              SW2:  Adds/Removes (toggles) this device in and out
     52                    of Group 1.  This will enable and disable the
     53                    reception of the flash command.
     54          *********************************************************************/
     55          
     56          /*********************************************************************
     57           * INCLUDES
     58           */
     59          #include "OSAL.h"
     60          #include "ZGlobals.h"
     61          #include "AF.h"
     62          #include "aps_groups.h"
     63          #include "ZDApp.h"
     64          
     65          #include "SampleApp.h"
     66          #include "SampleAppHw.h"
     67          
     68          #include "OnBoard.h"

   \                                 In  segment SFR_AN, at 0xf3
   \   unsigned char volatile __sfr P0SEL
   \                     P0SEL:
   \   000000                DS 1
     69          
     70          /* HAL */
     71          #include "hal_lcd.h"
     72          #include "hal_led.h"
     73          #include "hal_key.h"
     74          #include "MT_UART.h"
     75          #include "MT_APP.h"
     76          #include "MT.h"
     77          #include "stdio.h"
     78          #include "DHT11.h"
     79          
     80          #define COM0_COM1_CALLBACK   0
     81          /*********************************************************************
     82           * MACROS
     83           */
     84          
     85          /*********************************************************************
     86           * CONSTANTS
     87           */
     88          
     89          /*********************************************************************
     90           * TYPEDEFS
     91           */
     92          
     93          /*********************************************************************
     94           * GLOBAL VARIABLES
     95           */
     96          
     97          // This list should be filled with Application specific Cluster IDs.

   \                                 In  segment XDATA_ROM_C, align 1
     98          const cId_t SampleApp_ClusterList[SAMPLEAPP_MAX_CLUSTERS] =
   \                     SampleApp_ClusterList:
   \   000000   0100         DW 1
   \   000002   0200         DW 2
     99          {
    100            SAMPLEAPP_PERIODIC_CLUSTERID,
    101            SAMPLEAPP_FLASH_CLUSTERID
    102          };
    103          

   \                                 In  segment XDATA_ROM_C, align 1
    104          const SimpleDescriptionFormat_t SampleApp_SimpleDesc =
   \                     SampleApp_SimpleDesc:
   \   000000   14           DB 20
   \   000001   080F         DW 3848
   \   000003   0300         DW 3
   \   000005   00           DB 0
   \   000006   02           DB 2
   \   000007   ....         DW SampleApp_ClusterList
   \   000009   02           DB 2
   \   00000A   ....         DW SampleApp_ClusterList
    105          {
    106            SAMPLEAPP_ENDPOINT,              //  int Endpoint;
    107            SAMPLEAPP_PROFID,                //  uint16 AppProfId[2];
    108            SAMPLEAPP_DEVICEID,              //  uint16 AppDeviceId[2];
    109            SAMPLEAPP_DEVICE_VERSION,        //  int   AppDevVer:4;
    110            SAMPLEAPP_FLAGS,                 //  int   AppFlags:4;
    111            SAMPLEAPP_MAX_CLUSTERS,          //  uint8  AppNumInClusters;
    112            (cId_t *)SampleApp_ClusterList,  //  uint8 *pAppInClusterList;
    113            SAMPLEAPP_MAX_CLUSTERS,          //  uint8  AppNumInClusters;
    114            (cId_t *)SampleApp_ClusterList   //  uint8 *pAppInClusterList;
    115          };
    116          
    117          // This is the Endpoint/Interface description.  It is defined here, but
    118          // filled-in in SampleApp_Init().  Another way to go would be to fill
    119          // in the structure here and make it a "const" (in code space).  The
    120          // way it's defined in this sample app it is define in RAM.

   \                                 In  segment XDATA_Z, align 1, keep-with-next
    121          endPointDesc_t SampleApp_epDesc;
   \                     SampleApp_epDesc:
   \   000000                DS 6
   \   000006                REQUIRE __INIT_XDATA_Z
    122          
    123          /*********************************************************************
    124           * EXTERNAL VARIABLES
    125           */
    126          
    127          /*********************************************************************
    128           * EXTERNAL FUNCTIONS
    129           */
    130          #if !defined( SERIAL_APP_TX_MAX )
    131          #define SERIAL_APP_TX_MAX  80
    132          #endif
    133          
    134          #define SERIAL_APP_LOOPBACK  1
    135          /*********************************************************************
    136           * LOCAL VARIABLES
    137           */

   \                                 In  segment XDATA_Z, align 1, keep-with-next
    138          uint8 SampleApp_TaskID;   // Task ID for internal task/event processing
   \                     SampleApp_TaskID:
   \   000000                DS 1
   \   000001                REQUIRE __INIT_XDATA_Z
    139                                    // This variable will be received when
    140                                    // SampleApp_Init() is called.

   \                                 In  segment XDATA_Z, align 1, keep-with-next
    141          devStates_t SampleApp_NwkState;
   \                     SampleApp_NwkState:
   \   000000                DS 1
   \   000001                REQUIRE __INIT_XDATA_Z
    142          

   \                                 In  segment XDATA_Z, align 1, keep-with-next
    143          uint8 SampleApp_TransID;  // This is the unique message ID (counter)
   \                     SampleApp_TransID:
   \   000000                DS 1
   \   000001                REQUIRE __INIT_XDATA_Z
    144          

   \                                 In  segment XDATA_Z, align 1, keep-with-next
    145          afAddrType_t SampleApp_Periodic_DstAddr; //广播
   \                     SampleApp_Periodic_DstAddr:
   \   000000                DS 12
   \   00000C                REQUIRE __INIT_XDATA_Z

   \                                 In  segment XDATA_Z, align 1, keep-with-next
    146          afAddrType_t SampleApp_Flash_DstAddr;    //组播
   \                     SampleApp_Flash_DstAddr:
   \   000000                DS 12
   \   00000C                REQUIRE __INIT_XDATA_Z

   \                                 In  segment XDATA_Z, align 1, keep-with-next
    147          afAddrType_t SampleApp_P2P_DstAddr;      //点播
   \                     SampleApp_P2P_DstAddr:
   \   000000                DS 12
   \   00000C                REQUIRE __INIT_XDATA_Z
    148          

   \                                 In  segment XDATA_Z, align 1, keep-with-next
    149          aps_Group_t SampleApp_Group;
   \                     SampleApp_Group:
   \   000000                DS 18
   \   000012                REQUIRE __INIT_XDATA_Z
    150          

   \                                 In  segment XDATA_Z, align 1, keep-with-next
    151          uint8 SampleAppPeriodicCounter = 0;
   \                     SampleAppPeriodicCounter:
   \   000000                DS 1
   \   000001                REQUIRE __INIT_XDATA_Z

   \                                 In  segment XDATA_Z, align 1, keep-with-next
    152          uint8 SampleAppFlashCounter = 0;
   \                     SampleAppFlashCounter:
   \   000000                DS 1
   \   000001                REQUIRE __INIT_XDATA_Z

   \                                 In  segment XDATA_Z, align 1, keep-with-next
    153          static uint8 SerialApp_TxBuf[SERIAL_APP_TX_MAX+1];
   \                     SerialApp_TxBuf:
   \   000000                DS 81
   \   000051                REQUIRE __INIT_XDATA_Z

   \                                 In  segment XDATA_Z, align 1, keep-with-next
    154          static uint8 SerialApp_TxLen;
   \                     SerialApp_TxLen:
   \   000000                DS 1
   \   000001                REQUIRE __INIT_XDATA_Z
    155          
    156          

   \                                 In  segment XDATA_Z, align 1, keep-with-next
    157          uint8 wendu=0;//温度值
   \                     wendu:
   \   000000                DS 1
   \   000001                REQUIRE __INIT_XDATA_Z

   \                                 In  segment XDATA_Z, align 1, keep-with-next
    158          uint8 shidu=0;//湿度值
   \                     shidu:
   \   000000                DS 1
   \   000001                REQUIRE __INIT_XDATA_Z
    159          
    160          
    161          /*********************************************************************
    162           * LOCAL FUNCTIONS
    163           */
    164          void SampleApp_HandleKeys( uint8 shift, uint8 keys );
    165          void SampleApp_MessageMSGCB( afIncomingMSGPacket_t *pckt );
    166          void SampleApp_SendPeriodicMessage( void );
    167          void SampleApp_SendFlashMessage( uint16 flashTime );
    168          void SampleApp_Send_P2P_Message(void);
    169          /*********************************************************************
    170           * NETWORK LAYER CALLBACKS
    171           */
    172          
    173          /*********************************************************************
    174           * PUBLIC FUNCTIONS
    175           */
    176          
    177          /*********************************************************************
    178           * @fn      SampleApp_Init
    179           *
    180           * @brief   Initialization function for the Generic App Task.
    181           *          This is called during initialization and should contain
    182           *          any application specific initialization (ie. hardware
    183           *          initialization/setup, table initialization, power up
    184           *          notificaiton ... ).
    185           *
    186           * @param   task_id - the ID assigned by OSAL.  This ID should be
    187           *                    used to send messages and set timers.
    188           *
    189           * @return  none
    190           */

   \                                 In  segment XDATA_I, align 1, keep-with-next
    191          uint8 ED=8;
   \                     ED:
   \   000000                DS 1
   \   000001                REQUIRE `?<Initializer for ED>`
   \   000001                REQUIRE __INIT_XDATA_I

   \                                 In  segment XDATA_Z, align 1, keep-with-next
    192          uint8 s[30]={0},init[30]={0},q=0;
   \                     `s`:
   \   000000                DS 30
   \   00001E                REQUIRE __INIT_XDATA_Z

   \                                 In  segment XDATA_Z, align 1, keep-with-next
   \                     init:
   \   000000                DS 30
   \   00001E                REQUIRE __INIT_XDATA_Z

   \                                 In  segment XDATA_Z, align 1, keep-with-next
   \                     q:
   \   000000                DS 1
   \   000001                REQUIRE __INIT_XDATA_Z

   \                                 In  segment BANKED_CODE, align 1, keep-with-next
    193          void SampleApp_Init( uint8 task_id )
   \                     SampleApp_Init:
    194          {
   \   000000   74F5         MOV     A,#-0xb
   \   000002   12....       LCALL   ?BANKED_ENTER_XDATA
   \   000005                ; Saved register size: 11
   \   000005                ; Auto size: 0
   \   000005   E9           MOV     A,R1
   \   000006   FE           MOV     R6,A
    195            
    196            SampleApp_TaskID = task_id;
   \   000007   90....       MOV     DPTR,#SampleApp_TaskID
   \   00000A   F0           MOVX    @DPTR,A
    197            SampleApp_NwkState = DEV_INIT;
   \   00000B   90....       MOV     DPTR,#SampleApp_NwkState
   \   00000E   7401         MOV     A,#0x1
   \   000010   F0           MOVX    @DPTR,A
    198            SampleApp_TransID = 0;
   \   000011   90....       MOV     DPTR,#SampleApp_TransID
   \   000014   E4           CLR     A
   \   000015   F0           MOVX    @DPTR,A
    199            
    200            MT_UartInit();                  //串口初始化
   \   000016                ; Setup parameters for call to function MT_UartInit
   \   000016   12....       LCALL   ??MT_UartInit?relay
    201            MT_UartRegisterTaskID(task_id); //注册串口任务
   \   000019                ; Setup parameters for call to function MT_UartRegisterTaskID
   \   000019   EE           MOV     A,R6
   \   00001A   F9           MOV     R1,A
   \   00001B   12....       LCALL   ??MT_UartRegisterTaskID?relay
    202            P0SEL &= 0x7f;                  //P0_7配置成通用io
   \   00001E   53F37F       ANL     0xf3,#0x7f
    203           #ifdef ZDO_COORDINATOR
    204            uint8 i;
    205            osal_memcpy(s, "s", 1);
    206            osal_memcpy(&s[ED+1], "\r\n", 2);
    207            for(i=1;i<=ED;i++)
    208             osal_memcpy(&s[i], "0", 1);
    209            HalUARTWrite(0, s, ED+3);
    210          #endif
    211            // Device hardware initialization can be added here or in main() (Zmain.c).
    212            // If the hardware is application specific - add it here.
    213            // If the hardware is other parts of the device add it in main().
    214          
    215           #if defined ( BUILD_ALL_DEVICES )
    216            // The "Demo" target is setup to have BUILD_ALL_DEVICES and HOLD_AUTO_START
    217            // We are looking at a jumper (defined in SampleAppHw.c) to be jumpered
    218            // together - if they are - we will start up a coordinator. Otherwise,
    219            // the device will start as a router.
    220            if ( readCoordinatorJumper() )
    221              zgDeviceLogicalType = ZG_DEVICETYPE_COORDINATOR;
    222            else
    223              zgDeviceLogicalType = ZG_DEVICETYPE_ROUTER;
    224          #endif // BUILD_ALL_DEVICES
    225          
    226          #if defined ( HOLD_AUTO_START )
    227            // HOLD_AUTO_START is a compile option that will surpress ZDApp
    228            //  from starting the device and wait for the application to
    229            //  start the device.
    230            ZDOInitDevice(0);
    231          #endif
    232          
    233            // Setup for the periodic message's destination address
    234            // Broadcast to everyone
    235            SampleApp_Periodic_DstAddr.addrMode = (afAddrMode_t)AddrBroadcast;
   \   000021   90....       MOV     DPTR,#SampleApp_Periodic_DstAddr + 8
   \   000024   740F         MOV     A,#0xf
   \   000026   F0           MOVX    @DPTR,A
    236            SampleApp_Periodic_DstAddr.endPoint = SAMPLEAPP_ENDPOINT;
   \   000027   A3           INC     DPTR
   \   000028   7414         MOV     A,#0x14
   \   00002A   F0           MOVX    @DPTR,A
    237            SampleApp_Periodic_DstAddr.addr.shortAddr = 0xFFFF;
   \   00002B   90....       MOV     DPTR,#SampleApp_Periodic_DstAddr
   \   00002E   74FF         MOV     A,#-0x1
   \   000030   F0           MOVX    @DPTR,A
   \   000031   A3           INC     DPTR
   \   000032   F0           MOVX    @DPTR,A
    238          
    239            // Setup for the flash command's destination address - Group 1
    240            SampleApp_Flash_DstAddr.addrMode = (afAddrMode_t)afAddrGroup;
   \   000033   90....       MOV     DPTR,#SampleApp_Flash_DstAddr + 8
   \   000036   7401         MOV     A,#0x1
   \   000038   F0           MOVX    @DPTR,A
    241            SampleApp_Flash_DstAddr.endPoint = SAMPLEAPP_ENDPOINT;
   \   000039   A3           INC     DPTR
   \   00003A   7414         MOV     A,#0x14
   \   00003C   F0           MOVX    @DPTR,A
    242            SampleApp_Flash_DstAddr.addr.shortAddr = SAMPLEAPP_FLASH_GROUP;
   \   00003D   90....       MOV     DPTR,#SampleApp_Flash_DstAddr
   \   000040   7401         MOV     A,#0x1
   \   000042   F0           MOVX    @DPTR,A
   \   000043   A3           INC     DPTR
   \   000044   E4           CLR     A
   \   000045   F0           MOVX    @DPTR,A
    243            
    244            SampleApp_P2P_DstAddr.addrMode = (afAddrMode_t)Addr16Bit; //点播 
   \   000046   90....       MOV     DPTR,#SampleApp_P2P_DstAddr + 8
   \   000049   7402         MOV     A,#0x2
   \   00004B   F0           MOVX    @DPTR,A
    245            SampleApp_P2P_DstAddr.endPoint = SAMPLEAPP_ENDPOINT; 
   \   00004C   A3           INC     DPTR
   \   00004D   7414         MOV     A,#0x14
   \   00004F   F0           MOVX    @DPTR,A
    246            SampleApp_P2P_DstAddr.addr.shortAddr = 0x0000;            //发给协调器
   \   000050   90....       MOV     DPTR,#SampleApp_P2P_DstAddr
   \   000053   E4           CLR     A
   \   000054   F0           MOVX    @DPTR,A
   \   000055   A3           INC     DPTR
   \   000056   F0           MOVX    @DPTR,A
    247          
    248            // Fill out the endpoint description.
    249            SampleApp_epDesc.endPoint = SAMPLEAPP_ENDPOINT;
   \   000057   90....       MOV     DPTR,#SampleApp_epDesc
   \   00005A   7414         MOV     A,#0x14
   \   00005C   F0           MOVX    @DPTR,A
    250            SampleApp_epDesc.task_id = &SampleApp_TaskID;
   \   00005D   A3           INC     DPTR
   \   00005E   74..         MOV     A,#SampleApp_TaskID & 0xff
   \   000060   F0           MOVX    @DPTR,A
   \   000061   A3           INC     DPTR
   \   000062   74..         MOV     A,#(SampleApp_TaskID >> 8) & 0xff
   \   000064   F0           MOVX    @DPTR,A
    251            SampleApp_epDesc.simpleDesc
    252                      = (SimpleDescriptionFormat_t *)&SampleApp_SimpleDesc;
   \   000065   A3           INC     DPTR
   \   000066   74..         MOV     A,#SampleApp_SimpleDesc & 0xff
   \   000068   F0           MOVX    @DPTR,A
   \   000069   A3           INC     DPTR
   \   00006A   74..         MOV     A,#(SampleApp_SimpleDesc >> 8) & 0xff
   \   00006C   F0           MOVX    @DPTR,A
    253            SampleApp_epDesc.latencyReq = noLatencyReqs;
   \   00006D   A3           INC     DPTR
   \   00006E   E4           CLR     A
   \   00006F   F0           MOVX    @DPTR,A
    254          
    255            // Register the endpoint description with the AF
    256            afRegister( &SampleApp_epDesc );
   \   000070                ; Setup parameters for call to function afRegister
   \   000070   7A..         MOV     R2,#SampleApp_epDesc & 0xff
   \   000072   7B..         MOV     R3,#(SampleApp_epDesc >> 8) & 0xff
   \   000074   12....       LCALL   ??afRegister?relay
    257          
    258            // Register for all key events - This app will handle all key events
    259            RegisterForKeys( SampleApp_TaskID );
   \   000077                ; Setup parameters for call to function RegisterForKeys
   \   000077   90....       MOV     DPTR,#SampleApp_TaskID
   \   00007A   E0           MOVX    A,@DPTR
   \   00007B   F9           MOV     R1,A
   \   00007C   12....       LCALL   ??RegisterForKeys?relay
    260          
    261            // By default, all devices start out in Group 1
    262            SampleApp_Group.ID = 0x0001;
   \   00007F   90....       MOV     DPTR,#SampleApp_Group
   \   000082   7401         MOV     A,#0x1
   \   000084   F0           MOVX    @DPTR,A
   \   000085   A3           INC     DPTR
   \   000086   E4           CLR     A
   \   000087   F0           MOVX    @DPTR,A
    263            osal_memcpy( SampleApp_Group.name, "Group 1", 7 );
   \   000088                ; Setup parameters for call to function osal_memcpy
   \   000088   75....       MOV     ?V0 + 0,#`?<Constant "Group 1">` & 0xff
   \   00008B   75....       MOV     ?V0 + 1,#(`?<Constant "Group 1">` >> 8) & 0xff
   \   00008E   F5..         MOV     ?V0 + 2,A
   \   000090   78..         MOV     R0,#?V0 + 0
   \   000092   12....       LCALL   ?PUSH_XSTACK_I_THREE
   \   000095   7C07         MOV     R4,#0x7
   \   000097   7D00         MOV     R5,#0x0
   \   000099   7A..         MOV     R2,#(SampleApp_Group + 2) & 0xff
   \   00009B   7B..         MOV     R3,#((SampleApp_Group + 2) >> 8) & 0xff
   \   00009D   12....       LCALL   ??osal_memcpy?relay
   \   0000A0   7403         MOV     A,#0x3
   \   0000A2   12....       LCALL   ?DEALLOC_XSTACK8
    264            aps_AddGroup( SAMPLEAPP_ENDPOINT, &SampleApp_Group );
   \   0000A5                ; Setup parameters for call to function aps_AddGroup
   \   0000A5   7A..         MOV     R2,#SampleApp_Group & 0xff
   \   0000A7   7B..         MOV     R3,#(SampleApp_Group >> 8) & 0xff
   \   0000A9   7914         MOV     R1,#0x14
   \   0000AB   12....       LCALL   ??aps_AddGroup?relay
    265          
    266          #if defined ( LCD_SUPPORTED )
    267            HalLcdWriteString( "SampleApp", HAL_LCD_LINE_1 );
   \   0000AE                ; Setup parameters for call to function HalLcdWriteString
   \   0000AE   7901         MOV     R1,#0x1
   \   0000B0   7A..         MOV     R2,#`?<Constant "SampleApp">` & 0xff
   \   0000B2   7B..         MOV     R3,#(`?<Constant "SampleApp">` >> 8) & 0xff
   \   0000B4   12....       LCALL   ??HalLcdWriteString?relay
    268          #endif
    269          }
   \   0000B7   7F03         MOV     R7,#0x3
   \   0000B9   02....       LJMP    ?BANKED_LEAVE_XDATA
   \   0000BC                REQUIRE P0SEL
    270          
    271          /*********************************************************************
    272           * @fn      SampleApp_ProcessEvent
    273           *
    274           * @brief   Generic Application Task event processor.  This function
    275           *          is called to process all events for the task.  Events
    276           *          include timers, messages and any other user defined events.
    277           *
    278           * @param   task_id  - The OSAL assigned task ID.
    279           * @param   events - events to process.  This is a bit map and can
    280           *                   contain more than one event.
    281           *
    282           * @return  none
    283           */

   \                                 In  segment BANKED_CODE, align 1, keep-with-next
    284          uint16 SampleApp_ProcessEvent( uint8 task_id, uint16 events )
   \                     SampleApp_ProcessEvent:
    285          {
   \   000000   74F4         MOV     A,#-0xc
   \   000002   12....       LCALL   ?BANKED_ENTER_XDATA
   \   000005                ; Saved register size: 12
   \   000005                ; Auto size: 0
   \   000005   EA           MOV     A,R2
   \   000006   FE           MOV     R6,A
   \   000007   EB           MOV     A,R3
   \   000008   FF           MOV     R7,A
    286            afIncomingMSGPacket_t *MSGpkt;
    287            (void)task_id;  // Intentionally unreferenced parameter
    288          
    289            if ( events & SYS_EVENT_MSG )
   \   000009   5480         ANL     A,#0x80
   \   00000B   6074         JZ      ??SampleApp_ProcessEvent_0
    290            {
    291              MSGpkt = (afIncomingMSGPacket_t *)osal_msg_receive( SampleApp_TaskID );
   \   00000D                ; Setup parameters for call to function osal_msg_receive
   \   00000D   8026         SJMP    ??SampleApp_ProcessEvent_1
    292              
    293              while ( MSGpkt )
    294              {
    295                switch ( MSGpkt->hdr.event )
    296                {
    297                  // Received when a key is pressed
    298                  case KEY_CHANGE:
    299                    SampleApp_HandleKeys( ((keyChange_t *)MSGpkt)->state, ((keyChange_t *)MSGpkt)->keys );
    300                    break;
    301          
    302                  // Received when a messages is received (OTA) for this endpoint
    303                  case AF_INCOMING_MSG_CMD:
    304                    SampleApp_MessageMSGCB( MSGpkt );
    305                    break;
    306          
    307                  // Received whenever the device changes state in the network
    308                  case ZDO_STATE_CHANGE:
    309                    SampleApp_NwkState = (devStates_t)(MSGpkt->hdr.status);
   \                     ??SampleApp_ProcessEvent_2:
   \   00000F   A3           INC     DPTR
   \   000010   E0           MOVX    A,@DPTR
   \   000011   90....       MOV     DPTR,#SampleApp_NwkState
   \   000014   F0           MOVX    @DPTR,A
    310                    if ( //(SampleApp_NwkState == DEV_ZB_COORD) ||
    311                           (SampleApp_NwkState == DEV_ROUTER)
    312                        || (SampleApp_NwkState == DEV_END_DEVICE) )
   \   000015   6407         XRL     A,#0x7
   \   000017   6005         JZ      ??SampleApp_ProcessEvent_3
   \   000019   E0           MOVX    A,@DPTR
   \   00001A   6406         XRL     A,#0x6
   \   00001C   7010         JNZ     ??SampleApp_ProcessEvent_4
    313                    {
    314                      // Start sending the periodic message in a regular interval.
    315                      osal_start_timerEx( SampleApp_TaskID,
    316                                        SAMPLEAPP_SEND_PERIODIC_MSG_EVT,
    317                                        SAMPLEAPP_SEND_PERIODIC_MSG_TIMEOUT );
   \                     ??SampleApp_ProcessEvent_3:
   \   00001E                ; Setup parameters for call to function osal_start_timerEx
   \   00001E   7CB8         MOV     R4,#-0x48
   \   000020   7D0B         MOV     R5,#0xb
   \   000022   7A01         MOV     R2,#0x1
   \   000024   7B00         MOV     R3,#0x0
   \   000026   90....       MOV     DPTR,#SampleApp_TaskID
   \   000029   E0           MOVX    A,@DPTR
   \   00002A   F9           MOV     R1,A
   \   00002B   12....       LCALL   ??osal_start_timerEx?relay
    318                    }
    319                    else
    320                    {
    321                      // Device is no longer in the network
    322                    }
    323                    break;
    324          
    325                  default:
    326                    break;
    327                }
    328          
    329                // Release the memory
    330                osal_msg_deallocate( (uint8 *)MSGpkt );
   \                     ??SampleApp_ProcessEvent_4:
   \   00002E                ; Setup parameters for call to function osal_msg_deallocate
   \   00002E   AA..         MOV     R2,?V0 + 0
   \   000030   AB..         MOV     R3,?V0 + 1
   \   000032   12....       LCALL   ??osal_msg_deallocate?relay
    331          
    332                // Next - if one is available
    333                MSGpkt = (afIncomingMSGPacket_t *)osal_msg_receive( SampleApp_TaskID );
   \   000035                ; Setup parameters for call to function osal_msg_receive
   \                     ??SampleApp_ProcessEvent_1:
   \   000035   90....       MOV     DPTR,#SampleApp_TaskID
   \   000038   E0           MOVX    A,@DPTR
   \   000039   F9           MOV     R1,A
   \   00003A   12....       LCALL   ??osal_msg_receive?relay
   \   00003D   8A..         MOV     ?V0 + 0,R2
   \   00003F   8B..         MOV     ?V0 + 1,R3
   \   000041   E5..         MOV     A,?V0 + 0
   \   000043   45..         ORL     A,?V0 + 1
   \   000045   6032         JZ      ??SampleApp_ProcessEvent_5
   \   000047   85..82       MOV     DPL,?V0 + 0
   \   00004A   85..83       MOV     DPH,?V0 + 1
   \   00004D   E0           MOVX    A,@DPTR
   \   00004E   24E6         ADD     A,#-0x1a
   \   000050   601E         JZ      ??SampleApp_ProcessEvent_6
   \   000052   245A         ADD     A,#0x5a
   \   000054   6006         JZ      ??SampleApp_ProcessEvent_7
   \   000056   24EF         ADD     A,#-0x11
   \   000058   60B5         JZ      ??SampleApp_ProcessEvent_2
   \   00005A   80D2         SJMP    ??SampleApp_ProcessEvent_4
   \                     ??SampleApp_ProcessEvent_7:
   \   00005C                ; Setup parameters for call to function SampleApp_HandleKeys
   \   00005C   A3           INC     DPTR
   \   00005D   A3           INC     DPTR
   \   00005E   A3           INC     DPTR
   \   00005F   E0           MOVX    A,@DPTR
   \   000060   FA           MOV     R2,A
   \   000061   85..82       MOV     DPL,?V0 + 0
   \   000064   85..83       MOV     DPH,?V0 + 1
   \   000067   A3           INC     DPTR
   \   000068   A3           INC     DPTR
   \   000069   E0           MOVX    A,@DPTR
   \   00006A   F9           MOV     R1,A
   \   00006B   12....       LCALL   ??SampleApp_HandleKeys?relay
   \   00006E   80BE         SJMP    ??SampleApp_ProcessEvent_4
   \                     ??SampleApp_ProcessEvent_6:
   \   000070                ; Setup parameters for call to function SampleApp_MessageMSGCB
   \   000070   AA..         MOV     R2,?V0 + 0
   \   000072   AB..         MOV     R3,?V0 + 1
   \   000074   12....       LCALL   ??SampleApp_MessageMSGCB?relay
   \   000077   80B5         SJMP    ??SampleApp_ProcessEvent_4
    334              }
    335          
    336              // return unprocessed events
    337              return (events ^ SYS_EVENT_MSG);
   \                     ??SampleApp_ProcessEvent_5:
   \   000079   EE           MOV     A,R6
   \   00007A   FA           MOV     R2,A
   \   00007B   EF           MOV     A,R7
   \   00007C   6480         XRL     A,#0x80
   \                     ??SampleApp_ProcessEvent_8:
   \   00007E   FB           MOV     R3,A
   \   00007F   802A         SJMP    ??SampleApp_ProcessEvent_9
    338            }
    339          
    340            // Send a message out - This event is generated by a timer
    341            //  (setup in SampleApp_Init()).
    342            if ( events & SAMPLEAPP_SEND_PERIODIC_MSG_EVT )
   \                     ??SampleApp_ProcessEvent_0:
   \   000081   EE           MOV     A,R6
   \   000082   A2E0         MOV     C,0xE0 /* A   */.0
   \   000084   5021         JNC     ??SampleApp_ProcessEvent_10
    343            {
    344              // Send the periodic message
    345              //SampleApp_SendPeriodicMessage();
    346              SampleApp_Send_P2P_Message();
   \   000086                ; Setup parameters for call to function SampleApp_Send_P2P_Message
   \   000086   12....       LCALL   ??SampleApp_Send_P2P_Message?relay
    347          
    348              // Setup to send message again in normal period (+ a little jitter)
    349              osal_start_timerEx( SampleApp_TaskID, SAMPLEAPP_SEND_PERIODIC_MSG_EVT,
    350                  (SAMPLEAPP_SEND_PERIODIC_MSG_TIMEOUT + (osal_rand() & 0x00FF)) );
   \   000089                ; Setup parameters for call to function osal_rand
   \   000089   12....       LCALL   ??osal_rand?relay
   \   00008C                ; Setup parameters for call to function osal_start_timerEx
   \   00008C   EA           MOV     A,R2
   \   00008D   24B8         ADD     A,#-0x48
   \   00008F   FC           MOV     R4,A
   \   000090   E4           CLR     A
   \   000091   340B         ADDC    A,#0xb
   \   000093   FD           MOV     R5,A
   \   000094   7A01         MOV     R2,#0x1
   \   000096   7B00         MOV     R3,#0x0
   \   000098   90....       MOV     DPTR,#SampleApp_TaskID
   \   00009B   E0           MOVX    A,@DPTR
   \   00009C   F9           MOV     R1,A
   \   00009D   12....       LCALL   ??osal_start_timerEx?relay
    351          
    352              // return unprocessed events
    353              return (events ^ SAMPLEAPP_SEND_PERIODIC_MSG_EVT);
   \   0000A0   EE           MOV     A,R6
   \   0000A1   6401         XRL     A,#0x1
   \   0000A3   FA           MOV     R2,A
   \   0000A4   EF           MOV     A,R7
   \   0000A5   80D7         SJMP    ??SampleApp_ProcessEvent_8
    354            }
    355          
    356            // Discard unknown events
    357            return 0;
   \                     ??SampleApp_ProcessEvent_10:
   \   0000A7   7A00         MOV     R2,#0x0
   \   0000A9   7B00         MOV     R3,#0x0
   \                     ??SampleApp_ProcessEvent_9:
   \   0000AB   7F04         MOV     R7,#0x4
   \   0000AD   02....       LJMP    ?BANKED_LEAVE_XDATA
    358          }
    359          
    360          /*********************************************************************
    361           * Event Generation Functions
    362           */
    363          /*********************************************************************
    364           * @fn      SampleApp_HandleKeys
    365           *
    366           * @brief   Handles all key events for this device.
    367           *
    368           * @param   shift - true if in shift/alt.
    369           * @param   keys - bit field for key events. Valid entries:
    370           *                 HAL_KEY_SW_2
    371           *                 HAL_KEY_SW_1
    372           *
    373           * @return  none
    374           */

   \                                 In  segment BANKED_CODE, align 1, keep-with-next
    375          void SampleApp_HandleKeys( uint8 shift, uint8 keys )
   \                     SampleApp_HandleKeys:
    376          {
   \   000000   74F6         MOV     A,#-0xa
   \   000002   12....       LCALL   ?BANKED_ENTER_XDATA
   \   000005                ; Saved register size: 10
   \   000005                ; Auto size: 0
   \   000005   EA           MOV     A,R2
   \   000006   FE           MOV     R6,A
    377            (void)shift;  // Intentionally unreferenced parameter
    378            
    379            if ( keys & HAL_KEY_SW_1 )
   \   000007   A2E0         MOV     C,0xE0 /* A   */.0
   \   000009   5007         JNC     ??SampleApp_HandleKeys_0
    380            {
    381              /* This key sends the Flash Command is sent to Group 1.
    382               * This device will not receive the Flash Command from this
    383               * device (even if it belongs to group 1).
    384               */
    385              SampleApp_SendFlashMessage( SAMPLEAPP_FLASH_DURATION );
   \   00000B                ; Setup parameters for call to function SampleApp_SendFlashMessage
   \   00000B   7AE8         MOV     R2,#-0x18
   \   00000D   7B03         MOV     R3,#0x3
   \   00000F   12....       LCALL   ??SampleApp_SendFlashMessage?relay
    386            }
    387          
    388            if ( keys & HAL_KEY_SW_2 )
   \                     ??SampleApp_HandleKeys_0:
   \   000012   EE           MOV     A,R6
   \   000013   A2E1         MOV     C,0xE0 /* A   */.1
   \   000015   5024         JNC     ??SampleApp_HandleKeys_1
    389            {
    390              /* The Flashr Command is sent to Group 1.
    391               * This key toggles this device in and out of group 1.
    392               * If this device doesn't belong to group 1, this application
    393               * will not receive the Flash command sent to group 1.
    394               */
    395              aps_Group_t *grp;
    396              grp = aps_FindGroup( SAMPLEAPP_ENDPOINT, SAMPLEAPP_FLASH_GROUP );
    397              if ( grp )
   \   000017                ; Setup parameters for call to function aps_FindGroup
   \   000017   7A01         MOV     R2,#0x1
   \   000019   7B00         MOV     R3,#0x0
   \   00001B   7914         MOV     R1,#0x14
   \   00001D   12....       LCALL   ??aps_FindGroup?relay
   \   000020   8B..         MOV     ?V0 + 1,R3
   \   000022   EA           MOV     A,R2
   \   000023   45..         ORL     A,?V0 + 1
   \   000025   600B         JZ      ??SampleApp_HandleKeys_2
    398              {
    399                // Remove from the group
    400                aps_RemoveGroup( SAMPLEAPP_ENDPOINT, SAMPLEAPP_FLASH_GROUP );
   \   000027                ; Setup parameters for call to function aps_RemoveGroup
   \   000027   7A01         MOV     R2,#0x1
   \   000029   7B00         MOV     R3,#0x0
   \   00002B   7914         MOV     R1,#0x14
   \   00002D   12....       LCALL   ??aps_RemoveGroup?relay
   \   000030   8009         SJMP    ??SampleApp_HandleKeys_1
    401              }
    402              else
    403              {
    404                // Add to the flash group
    405                aps_AddGroup( SAMPLEAPP_ENDPOINT, &SampleApp_Group );
   \                     ??SampleApp_HandleKeys_2:
   \   000032                ; Setup parameters for call to function aps_AddGroup
   \   000032   7A..         MOV     R2,#SampleApp_Group & 0xff
   \   000034   7B..         MOV     R3,#(SampleApp_Group >> 8) & 0xff
   \   000036   7914         MOV     R1,#0x14
   \   000038   12....       LCALL   ??aps_AddGroup?relay
    406              }
    407            }
    408          }
   \                     ??SampleApp_HandleKeys_1:
   \   00003B   02....       LJMP    ??Subroutine2_0 & 0xFFFF

   \                                 In  segment BANKED_CODE, align 1, keep-with-next
   \                     ??Subroutine2_0:
   \   000000   7F02         MOV     R7,#0x2
   \   000002   02....       LJMP    ?BANKED_LEAVE_XDATA
    409          

   \                                 In  segment BANKED_CODE, align 1, keep-with-next
    410          void SampleApp_CallBack(uint8 port, uint8 event)
   \                     SampleApp_CallBack:
    411          {
   \   000000   74F1         MOV     A,#-0xf
   \   000002   12....       LCALL   ?BANKED_ENTER_XDATA
   \   000005                ; Saved register size: 15
   \   000005                ; Auto size: 0
   \   000005   EA           MOV     A,R2
   \   000006   FF           MOV     R7,A
    412            uint8 i;
    413            (void)port;
    414              if ((event & (HAL_UART_RX_FULL | HAL_UART_RX_ABOUT_FULL | HAL_UART_RX_TIMEOUT)))
   \   000007   7407         MOV     A,#0x7
   \   000009   5F           ANL     A,R7
   \   00000A   607C         JZ      ??CrossCallReturnLabel_2
    415              {
    416                  if (SerialApp_TxLen < SERIAL_APP_TX_MAX)
   \   00000C   90....       MOV     DPTR,#SerialApp_TxLen
   \   00000F   E0           MOVX    A,@DPTR
   \   000010   C3           CLR     C
   \   000011   9450         SUBB    A,#0x50
   \   000013   5010         JNC     ??SampleApp_CallBack_0
    417                  {
    418                      SerialApp_TxLen = HalUARTRead(port, SerialApp_TxBuf, SERIAL_APP_TX_MAX);          
   \   000015                ; Setup parameters for call to function HalUARTRead
   \   000015   7C50         MOV     R4,#0x50
   \   000017   7D00         MOV     R5,#0x0
   \   000019   7A..         MOV     R2,#SerialApp_TxBuf & 0xff
   \   00001B   7B..         MOV     R3,#(SerialApp_TxBuf >> 8) & 0xff
   \   00001D   12....       LCALL   ??HalUARTRead?relay
    419                      SerialApp_TxLen = 0;
   \   000020   90....       MOV     DPTR,#SerialApp_TxLen
   \   000023   E4           CLR     A
   \   000024   F0           MOVX    @DPTR,A
    420                  }
    421                  if(SerialApp_TxBuf[0]=='0')
   \                     ??SampleApp_CallBack_0:
   \   000025   90....       MOV     DPTR,#SerialApp_TxBuf
   \   000028   E0           MOVX    A,@DPTR
   \   000029   6430         XRL     A,#0x30
   \   00002B   703A         JNZ     ??SampleApp_CallBack_1
    422                  {
    423                    HalUARTWrite(0, s, ED+3);    
   \   00002D                ; Setup parameters for call to function HalUARTWrite
   \   00002D   12....       LCALL   ?Subroutine1 & 0xFFFF
    424                    for(i=1;i<=ED;i++)
   \                     ??CrossCallReturnLabel_0:
   \   000030   75..01       MOV     ?V0 + 2,#0x1
   \   000033   8029         SJMP    ??SampleApp_CallBack_2
    425                      osal_memcpy(&s[i], "0", 1);
   \                     ??SampleApp_CallBack_3:
   \   000035                ; Setup parameters for call to function osal_memcpy
   \   000035   75....       MOV     ?V0 + 4,#`?<Constant "0">` & 0xff
   \   000038   75....       MOV     ?V0 + 5,#(`?<Constant "0">` >> 8) & 0xff
   \   00003B   75..00       MOV     ?V0 + 6,#0x0
   \   00003E   78..         MOV     R0,#?V0 + 4
   \   000040   12....       LCALL   ?PUSH_XSTACK_I_THREE
   \   000043   7C01         MOV     R4,#0x1
   \   000045   7D00         MOV     R5,#0x0
   \   000047   85....       MOV     ?V0 + 0,?V0 + 2
   \   00004A   74..         MOV     A,#`s` & 0xff
   \   00004C   25..         ADD     A,?V0 + 0
   \   00004E   FA           MOV     R2,A
   \   00004F   74..         MOV     A,#(`s` >> 8) & 0xff
   \   000051   3400         ADDC    A,#0x0
   \   000053   FB           MOV     R3,A
   \   000054   12....       LCALL   ??osal_memcpy?relay
   \   000057   7403         MOV     A,#0x3
   \   000059   12....       LCALL   ?DEALLOC_XSTACK8
   \   00005C   05..         INC     ?V0 + 2
   \                     ??SampleApp_CallBack_2:
   \   00005E   90....       MOV     DPTR,#ED
   \   000061   E0           MOVX    A,@DPTR
   \   000062   C3           CLR     C
   \   000063   95..         SUBB    A,?V0 + 2
   \   000065   50CE         JNC     ??SampleApp_CallBack_3
    426                  }
    427                  if(SerialApp_TxBuf[0]=='1')
   \                     ??SampleApp_CallBack_1:
   \   000067   90....       MOV     DPTR,#SerialApp_TxBuf
   \   00006A   E0           MOVX    A,@DPTR
   \   00006B   6431         XRL     A,#0x31
   \   00006D   7003         JNZ     ??SampleApp_CallBack_4
    428                    osalInitTasks();
                           ^
Warning[Pe223]: function "osalInitTasks" declared implicitly
   \   00006F                ; Setup parameters for call to function osalInitTasks
   \   00006F   12....       LCALL   ??osalInitTasks?relay
    429                  if(SerialApp_TxBuf[0]=='2')
   \                     ??SampleApp_CallBack_4:
   \   000072   90....       MOV     DPTR,#SerialApp_TxBuf
   \   000075   E0           MOVX    A,@DPTR
   \   000076   6432         XRL     A,#0x32
   \   000078   7003         JNZ     ??CrossCallReturnLabel_1
    430                    HalUARTWrite(0, s, ED+3);  
   \   00007A                ; Setup parameters for call to function HalUARTWrite
   \   00007A   12....       LCALL   ?Subroutine1 & 0xFFFF
    431                  if(SerialApp_TxBuf[0]=='3')
   \                     ??CrossCallReturnLabel_1:
   \   00007D   90....       MOV     DPTR,#SerialApp_TxBuf
   \   000080   E0           MOVX    A,@DPTR
   \   000081   6433         XRL     A,#0x33
   \   000083   7003         JNZ     ??CrossCallReturnLabel_2
    432                    HalUARTWrite(0, s, ED+3);
   \   000085                ; Setup parameters for call to function HalUARTWrite
   \   000085   12....       LCALL   ?Subroutine1 & 0xFFFF
    433              }
    434          }
   \                     ??CrossCallReturnLabel_2:
   \   000088   7F07         MOV     R7,#0x7
   \   00008A   02....       LJMP    ?BANKED_LEAVE_XDATA

   \                                 In  segment BANKED_CODE, align 1, keep-with-next
   \                     ?Subroutine1:
   \   000000   90....       MOV     DPTR,#ED
   \   000003   E0           MOVX    A,@DPTR
   \   000004   2403         ADD     A,#0x3
   \   000006   FC           MOV     R4,A
   \   000007   E4           CLR     A
   \   000008   3400         ADDC    A,#0x0
   \   00000A   FD           MOV     R5,A
   \   00000B   7A..         MOV     R2,#`s` & 0xff
   \   00000D   7B..         MOV     R3,#(`s` >> 8) & 0xff
   \   00000F   7900         MOV     R1,#0x0
   \   000011   12....       LCALL   ??HalUARTWrite?relay
   \   000014   22           RET
    435          /*********************************************************************
    436           * LOCAL FUNCTIONS
    437           */
    438          
    439          /*********************************************************************
    440           * @fn      SampleApp_MessageMSGCB
    441           *
    442           * @brief   Data message processor callback.  This function processes
    443           *          any incoming data - probably from other devices.  So, based
    444           *          on cluster ID, perform the intended action.
    445           *
    446           * @param   none
    447           *
    448           * @return  none
    449           */
    450          

   \                                 In  segment BANKED_CODE, align 1, keep-with-next
    451          void SampleApp_MessageMSGCB( afIncomingMSGPacket_t *pkt )
   \                     SampleApp_MessageMSGCB:
    452          {
   \   000000   74F6         MOV     A,#-0xa
   \   000002   12....       LCALL   ?BANKED_ENTER_XDATA
   \   000005                ; Saved register size: 10
   \   000005                ; Auto size: 0
    453            uint16 flashTime;
    454            uint8 id;
                         ^
Warning[Pe177]: variable "id" was declared but never referenced
    455            uint8 strTemp[30]={0};
                         ^
Warning[Pe177]: variable "strTemp" was declared but never referenced
    456            switch ( pkt->clusterId )
   \   000005   8A82         MOV     DPL,R2
   \   000007   8B83         MOV     DPH,R3
   \   000009   A3           INC     DPTR
   \   00000A   A3           INC     DPTR
   \   00000B   A3           INC     DPTR
   \   00000C   A3           INC     DPTR
   \   00000D   E0           MOVX    A,@DPTR
   \   00000E   6402         XRL     A,#0x2
   \   000010   7002         JNZ     ??SampleApp_MessageMSGCB_0
   \   000012   A3           INC     DPTR
   \   000013   E0           MOVX    A,@DPTR
   \                     ??SampleApp_MessageMSGCB_0:
   \   000014   703B         JNZ     ??SampleApp_MessageMSGCB_1
    457            {
    458           #ifdef ZDO_COORDINATOR
    459              case SAMPLEAPP_P2P_CLUSTERID:  //接收数据
    460                {
    461                  id=pkt->cmd.Data[0];
    462                  wendu=pkt->cmd.Data[1];
    463                  shidu=pkt->cmd.Data[2];
    464                  s[id]=id+0x30;   //储存设备连接情况
    465                  if(pkt->cmd.Data[3]!=0)
    466                    sprintf(strTemp, "x%da%db%d\r\n",id,wendu,shidu);
    467                  else
    468                    sprintf(strTemp, "y%da%db%d\r\n",id,wendu,shidu);
    469                  HalUARTWrite(0, strTemp, osal_strlen(strTemp)); //输出接收到的数据
    470                }
    471                break; 
    472          #endif
    473              case SAMPLEAPP_PERIODIC_CLUSTERID: 
    474          
    475                break;
    476              
    477              case SAMPLEAPP_FLASH_CLUSTERID:
    478                flashTime = BUILD_UINT16(pkt->cmd.Data[1], pkt->cmd.Data[2] );
    479                HalLedBlink( HAL_LED_4, 4, 50, (flashTime / 4) );
   \   000016   EA           MOV     A,R2
   \   000017   2421         ADD     A,#0x21
   \   000019   F582         MOV     DPL,A
   \   00001B   EB           MOV     A,R3
   \   00001C   3400         ADDC    A,#0x0
   \   00001E   F583         MOV     DPH,A
   \   000020   E0           MOVX    A,@DPTR
   \   000021   F8           MOV     R0,A
   \   000022   A3           INC     DPTR
   \   000023   E0           MOVX    A,@DPTR
   \   000024   F9           MOV     R1,A
   \   000025                ; Setup parameters for call to function HalLedBlink
   \   000025   8882         MOV     DPL,R0
   \   000027   8983         MOV     DPH,R1
   \   000029   A3           INC     DPTR
   \   00002A   E0           MOVX    A,@DPTR
   \   00002B   FA           MOV     R2,A
   \   00002C   8882         MOV     DPL,R0
   \   00002E   8983         MOV     DPH,R1
   \   000030   A3           INC     DPTR
   \   000031   A3           INC     DPTR
   \   000032   E0           MOVX    A,@DPTR
   \   000033   F9           MOV     R1,A
   \   000034   EA           MOV     A,R2
   \   000035   2400         ADD     A,#0x0
   \   000037   F5..         MOV     ?V0 + 0,A
   \   000039   E4           CLR     A
   \   00003A   39           ADDC    A,R1
   \   00003B   F5..         MOV     ?V0 + 1,A
   \   00003D   7402         MOV     A,#0x2
   \   00003F   78..         MOV     R0,#?V0 + 0
   \   000041   12....       LCALL   ?US_SHR
   \   000044   AC..         MOV     R4,?V0 + 0
   \   000046   AD..         MOV     R5,?V0 + 1
   \   000048   7B32         MOV     R3,#0x32
   \   00004A   7A04         MOV     R2,#0x4
   \   00004C   7908         MOV     R1,#0x8
   \   00004E   12....       LCALL   ??HalLedBlink?relay
    480                break;
    481            }
    482          }
   \                     ??SampleApp_MessageMSGCB_1:
   \   000051   02....       LJMP    ??Subroutine2_0 & 0xFFFF
    483          
    484          /*********************************************************************
    485           * @fn      SampleApp_SendPeriodicMessage
    486           *
    487           * @brief   Send the periodic message.
    488           *
    489           * @param   none
    490           *
    491           * @return  none
    492           */

   \                                 In  segment BANKED_CODE, align 1, keep-with-next
    493          void SampleApp_SendPeriodicMessage( void )
   \                     SampleApp_SendPeriodicMessage:
    494          {
   \   000000   74F6         MOV     A,#-0xa
   \   000002   12....       LCALL   ?BANKED_ENTER_XDATA
   \   000005                ; Saved register size: 10
   \   000005                ; Auto size: 0
    495            if ( AF_DataRequest( &SampleApp_Periodic_DstAddr, &SampleApp_epDesc,
    496                                 SAMPLEAPP_PERIODIC_CLUSTERID,
    497                                 1,
    498                                 (uint8*)&SampleAppPeriodicCounter,
    499                                 &SampleApp_TransID,
    500                                 AF_DISCV_ROUTE,
    501                                 AF_DEFAULT_RADIUS ) == afStatus_SUCCESS )
   \   000005                ; Setup parameters for call to function AF_DataRequest
   \   000005   75..1E       MOV     ?V0 + 0,#0x1e
   \   000008   78..         MOV     R0,#?V0 + 0
   \   00000A   12....       LCALL   ?PUSH_XSTACK_I_ONE
   \   00000D   75....       MOV     ?V0 + 0,#SampleApp_TransID & 0xff
   \   000010   75....       MOV     ?V0 + 1,#(SampleApp_TransID >> 8) & 0xff
   \   000013   78..         MOV     R0,#?V0 + 0
   \   000015   12....       LCALL   ?PUSH_XSTACK_I_TWO
   \   000018   75....       MOV     ?V0 + 0,#SampleAppPeriodicCounter & 0xff
   \   00001B   75....       MOV     ?V0 + 1,#(SampleAppPeriodicCounter >> 8) & 0xff
   \   00001E   78..         MOV     R0,#?V0 + 0
   \   000020   12....       LCALL   ?PUSH_XSTACK_I_TWO
   \   000023   75..01       MOV     ?V0 + 0,#0x1
   \   000026   75..00       MOV     ?V0 + 1,#0x0
   \   000029   78..         MOV     R0,#?V0 + 0
   \   00002B   12....       LCALL   ?PUSH_XSTACK_I_TWO
   \   00002E   78..         MOV     R0,#?V0 + 0
   \   000030   12....       LCALL   ?PUSH_XSTACK_I_TWO
   \   000033   7920         MOV     R1,#0x20
   \   000035   7C..         MOV     R4,#SampleApp_epDesc & 0xff
   \   000037   7D..         MOV     R5,#(SampleApp_epDesc >> 8) & 0xff
   \   000039   7A..         MOV     R2,#SampleApp_Periodic_DstAddr & 0xff
   \   00003B   7B..         MOV     R3,#(SampleApp_Periodic_DstAddr >> 8) & 0xff
   \   00003D   12....       LCALL   ??AF_DataRequest?relay
   \   000040   7409         MOV     A,#0x9
   \   000042   02....       LJMP    ?Subroutine0 & 0xFFFF
    502            {
    503            }
    504            else
    505            {
    506              // Error occurred in request to send.
    507            }
    508          }

   \                                 In  segment BANKED_CODE, align 1, keep-with-next
   \                     ?Subroutine0:
   \   000000   12....       LCALL   ?DEALLOC_XSTACK8
   \   000003                REQUIRE ??Subroutine2_0
   \   000003                ; // Fall through to label ??Subroutine2_0
    509          
    510          /*********************************************************************
    511           * @fn      SampleApp_SendFlashMessage
    512           *
    513           * @brief   Send the flash message to group 1.
    514           *
    515           * @param   flashTime - in milliseconds
    516           *
    517           * @return  none
    518           */

   \                                 In  segment BANKED_CODE, align 1, keep-with-next
    519          void SampleApp_SendFlashMessage( uint16 flashTime )
   \                     SampleApp_SendFlashMessage:
    520          {
   \   000000   74F6         MOV     A,#-0xa
   \   000002   12....       LCALL   ?BANKED_ENTER_XDATA
   \   000005                ; Saved register size: 10
   \   000005                ; Auto size: 3
   \   000005   74FD         MOV     A,#-0x3
   \   000007   12....       LCALL   ?ALLOC_XSTACK8
    521            uint8 buffer[3];
    522            buffer[0] = (uint8)(SampleAppFlashCounter++);
   \   00000A   90....       MOV     DPTR,#SampleAppFlashCounter
   \   00000D   E0           MOVX    A,@DPTR
   \   00000E   85..82       MOV     DPL,?XSP + 0
   \   000011   85..83       MOV     DPH,?XSP + 1
   \   000014   F0           MOVX    @DPTR,A
   \   000015   90....       MOV     DPTR,#SampleAppFlashCounter
   \   000018   E0           MOVX    A,@DPTR
   \   000019   04           INC     A
   \   00001A   F0           MOVX    @DPTR,A
    523            buffer[1] = LO_UINT16( flashTime );
   \   00001B   7401         MOV     A,#0x1
   \   00001D   12....       LCALL   ?XSTACK_DISP0_8
   \   000020   EA           MOV     A,R2
   \   000021   F0           MOVX    @DPTR,A
    524            buffer[2] = HI_UINT16( flashTime );
   \   000022   7402         MOV     A,#0x2
   \   000024   12....       LCALL   ?XSTACK_DISP0_8
   \   000027   EB           MOV     A,R3
   \   000028   F0           MOVX    @DPTR,A
    525          
    526            if ( AF_DataRequest( &SampleApp_Flash_DstAddr, &SampleApp_epDesc,
    527                                 SAMPLEAPP_FLASH_CLUSTERID,
    528                                 3,
    529                                 buffer,
    530                                 &SampleApp_TransID,
    531                                 AF_DISCV_ROUTE,
    532                                 AF_DEFAULT_RADIUS ) == afStatus_SUCCESS )
   \   000029                ; Setup parameters for call to function AF_DataRequest
   \   000029   75..1E       MOV     ?V0 + 0,#0x1e
   \   00002C   78..         MOV     R0,#?V0 + 0
   \   00002E   12....       LCALL   ?PUSH_XSTACK_I_ONE
   \   000031   75....       MOV     ?V0 + 0,#SampleApp_TransID & 0xff
   \   000034   75....       MOV     ?V0 + 1,#(SampleApp_TransID >> 8) & 0xff
   \   000037   78..         MOV     R0,#?V0 + 0
   \   000039   12....       LCALL   ?PUSH_XSTACK_I_TWO
   \   00003C   7403         MOV     A,#0x3
   \   00003E   12....       LCALL   ?XSTACK_DISP0_8
   \   000041   8582..       MOV     ?V0 + 0,DPL
   \   000044   8583..       MOV     ?V0 + 1,DPH
   \   000047   78..         MOV     R0,#?V0 + 0
   \   000049   12....       LCALL   ?PUSH_XSTACK_I_TWO
   \   00004C   75..03       MOV     ?V0 + 0,#0x3
   \   00004F   75..00       MOV     ?V0 + 1,#0x0
   \   000052   78..         MOV     R0,#?V0 + 0
   \   000054   12....       LCALL   ?PUSH_XSTACK_I_TWO
   \   000057   75..02       MOV     ?V0 + 0,#0x2
   \   00005A   78..         MOV     R0,#?V0 + 0
   \   00005C   12....       LCALL   ?PUSH_XSTACK_I_TWO
   \   00005F   7920         MOV     R1,#0x20
   \   000061   7C..         MOV     R4,#SampleApp_epDesc & 0xff
   \   000063   7D..         MOV     R5,#(SampleApp_epDesc >> 8) & 0xff
   \   000065   7A..         MOV     R2,#SampleApp_Flash_DstAddr & 0xff
   \   000067   7B..         MOV     R3,#(SampleApp_Flash_DstAddr >> 8) & 0xff
   \   000069   12....       LCALL   ??AF_DataRequest?relay
   \   00006C   7409         MOV     A,#0x9
   \   00006E   12....       LCALL   ?DEALLOC_XSTACK8
    533            {
    534            }
    535            else
    536            {
    537              // Error occurred in request to send.
    538            }
    539          }
   \   000071   7403         MOV     A,#0x3
   \   000073   02....       LJMP    ?Subroutine0 & 0xFFFF
    540          
    541          /*********************************************************************
    542           * @fn      SampleApp_Send_P2P_Message
    543           *
    544           * @brief   point to point.
    545           *
    546           * @param   none
    547           *
    548           * @return  none
    549           */

   \                                 In  segment BANKED_CODE, align 1, keep-with-next
    550          void SampleApp_Send_P2P_Message( void )
   \                     SampleApp_Send_P2P_Message:
    551          {
   \   000000   74F6         MOV     A,#-0xa
   \   000002   12....       LCALL   ?BANKED_ENTER_XDATA
   \   000005                ; Saved register size: 10
   \   000005                ; Auto size: 10
   \   000005   74F6         MOV     A,#-0xa
   \   000007   12....       LCALL   ?ALLOC_XSTACK8
    552            byte i, TOF,temp[3], humidity[3], strTemp[4];
    553            uint8 id;
    554            Delay_ms(500);
   \   00000A                ; Setup parameters for call to function Delay_ms
   \   00000A   7AF4         MOV     R2,#-0xc
   \   00000C   7B01         MOV     R3,#0x1
   \   00000E   12....       LCALL   ??Delay_ms?relay
    555            
    556            //DHT11()获取温湿度并分别赋值十位和个位
    557            //TOF用于判断传感器连接情况，读取数据成功赋1，失败赋0。
    558            TOF=DHT11(); 
   \   000011                ; Setup parameters for call to function DHT11
   \   000011   12....       LCALL   ??DHT11?relay
   \   000014   8A..         MOV     ?V0 + 0,R2
    559            Delay_ms(500);
   \   000016                ; Setup parameters for call to function Delay_ms
   \   000016   7AF4         MOV     R2,#-0xc
   \   000018   7B01         MOV     R3,#0x1
   \   00001A   12....       LCALL   ??Delay_ms?relay
    560            //将温湿度的转换成字符串,供LCD显示  
    561            temp[0] = wendu_shi+0x30;
   \   00001D   90....       MOV     DPTR,#wendu_shi
   \   000020   E0           MOVX    A,@DPTR
   \   000021   2430         ADD     A,#0x30
   \   000023   C0E0         PUSH    A
   \   000025   7403         MOV     A,#0x3
   \   000027   12....       LCALL   ?XSTACK_DISP0_8
   \   00002A   D0E0         POP     A
   \   00002C   F0           MOVX    @DPTR,A
    562            temp[1] = wendu_ge+0x30;
   \   00002D   90....       MOV     DPTR,#wendu_ge
   \   000030   E0           MOVX    A,@DPTR
   \   000031   2430         ADD     A,#0x30
   \   000033   C0E0         PUSH    A
   \   000035   7404         MOV     A,#0x4
   \   000037   12....       LCALL   ?XSTACK_DISP0_8
   \   00003A   D0E0         POP     A
   \   00003C   F0           MOVX    @DPTR,A
    563            temp[2] = '\0';
   \   00003D   7405         MOV     A,#0x5
   \   00003F   12....       LCALL   ?XSTACK_DISP0_8
   \   000042   E4           CLR     A
   \   000043   F0           MOVX    @DPTR,A
    564            humidity[0] = shidu_shi+0x30;
   \   000044   90....       MOV     DPTR,#shidu_shi
   \   000047   E0           MOVX    A,@DPTR
   \   000048   2430         ADD     A,#0x30
   \   00004A   85..82       MOV     DPL,?XSP + 0
   \   00004D   85..83       MOV     DPH,?XSP + 1
   \   000050   F0           MOVX    @DPTR,A
    565            humidity[1] = shidu_ge+0x30;
   \   000051   90....       MOV     DPTR,#shidu_ge
   \   000054   E0           MOVX    A,@DPTR
   \   000055   2430         ADD     A,#0x30
   \   000057   C0E0         PUSH    A
   \   000059   7401         MOV     A,#0x1
   \   00005B   12....       LCALL   ?XSTACK_DISP0_8
   \   00005E   D0E0         POP     A
   \   000060   F0           MOVX    @DPTR,A
    566            humidity[2] = '\0';
   \   000061   7402         MOV     A,#0x2
   \   000063   12....       LCALL   ?XSTACK_DISP0_8
   \   000066   E4           CLR     A
   \   000067   F0           MOVX    @DPTR,A
    567            //wendu、shidu将读取的十位、个位数据整合
    568            //id将终端的设备号数据类型转化
    569            wendu = wendu_shi*10+wendu_ge;
   \   000068   75F00A       MOV     B,#0xa
   \   00006B   90....       MOV     DPTR,#wendu_shi
   \   00006E   E0           MOVX    A,@DPTR
   \   00006F   A4           MUL     AB
   \   000070   7583..       MOV     DPH,#(wendu_ge >> 8) & 0xff
   \   000073   7582..       MOV     DPL,#wendu_ge & 0xff
   \   000076   F8           MOV     R0,A
   \   000077   E0           MOVX    A,@DPTR
   \   000078   28           ADD     A,R0
   \   000079   90....       MOV     DPTR,#wendu
   \   00007C   F0           MOVX    @DPTR,A
    570            shidu = shidu_shi*10+shidu_ge;
   \   00007D   75F00A       MOV     B,#0xa
   \   000080   90....       MOV     DPTR,#shidu_shi
   \   000083   E0           MOVX    A,@DPTR
   \   000084   A4           MUL     AB
   \   000085   7583..       MOV     DPH,#(shidu_ge >> 8) & 0xff
   \   000088   7582..       MOV     DPL,#shidu_ge & 0xff
   \   00008B   F8           MOV     R0,A
   \   00008C   E0           MOVX    A,@DPTR
   \   00008D   28           ADD     A,R0
   \   00008E   90....       MOV     DPTR,#shidu
   \   000091   F0           MOVX    @DPTR,A
    571            id=SAMPLEAPP_DEVICEID/0x0001;
    572            
    573            //将数据整合后方便发给协调器显示
    574            strTemp[0]=id;
   \   000092   7406         MOV     A,#0x6
   \   000094   12....       LCALL   ?XSTACK_DISP0_8
   \   000097   7403         MOV     A,#0x3
   \   000099   F0           MOVX    @DPTR,A
    575            strTemp[1]=wendu;
   \   00009A   90....       MOV     DPTR,#wendu
   \   00009D   E0           MOVX    A,@DPTR
   \   00009E   C0E0         PUSH    A
   \   0000A0   7407         MOV     A,#0x7
   \   0000A2   12....       LCALL   ?XSTACK_DISP0_8
   \   0000A5   D0E0         POP     A
   \   0000A7   F0           MOVX    @DPTR,A
    576            strTemp[2]=shidu;
   \   0000A8   90....       MOV     DPTR,#shidu
   \   0000AB   E0           MOVX    A,@DPTR
   \   0000AC   C0E0         PUSH    A
   \   0000AE   7408         MOV     A,#0x8
   \   0000B0   12....       LCALL   ?XSTACK_DISP0_8
   \   0000B3   D0E0         POP     A
   \   0000B5   F0           MOVX    @DPTR,A
    577            strTemp[3]=TOF;
   \   0000B6   7409         MOV     A,#0x9
   \   0000B8   12....       LCALL   ?XSTACK_DISP0_8
   \   0000BB   E5..         MOV     A,?V0 + 0
   \   0000BD   F0           MOVX    @DPTR,A
    578            
    579            AF_DataRequest( &SampleApp_P2P_DstAddr, &SampleApp_epDesc,
    580                               SAMPLEAPP_P2P_CLUSTERID,
    581                               4,
    582                               strTemp,
    583                               &SampleApp_TransID,
    584                               AF_DISCV_ROUTE,
    585                               AF_DEFAULT_RADIUS );
   \   0000BE                ; Setup parameters for call to function AF_DataRequest
   \   0000BE   75..1E       MOV     ?V0 + 0,#0x1e
   \   0000C1   78..         MOV     R0,#?V0 + 0
   \   0000C3   12....       LCALL   ?PUSH_XSTACK_I_ONE
   \   0000C6   75....       MOV     ?V0 + 0,#SampleApp_TransID & 0xff
   \   0000C9   75....       MOV     ?V0 + 1,#(SampleApp_TransID >> 8) & 0xff
   \   0000CC   78..         MOV     R0,#?V0 + 0
   \   0000CE   12....       LCALL   ?PUSH_XSTACK_I_TWO
   \   0000D1   7409         MOV     A,#0x9
   \   0000D3   12....       LCALL   ?XSTACK_DISP0_8
   \   0000D6   8582..       MOV     ?V0 + 0,DPL
   \   0000D9   8583..       MOV     ?V0 + 1,DPH
   \   0000DC   78..         MOV     R0,#?V0 + 0
   \   0000DE   12....       LCALL   ?PUSH_XSTACK_I_TWO
   \   0000E1   75..04       MOV     ?V0 + 0,#0x4
   \   0000E4   75..00       MOV     ?V0 + 1,#0x0
   \   0000E7   78..         MOV     R0,#?V0 + 0
   \   0000E9   12....       LCALL   ?PUSH_XSTACK_I_TWO
   \   0000EC   78..         MOV     R0,#?V0 + 0
   \   0000EE   12....       LCALL   ?PUSH_XSTACK_I_TWO
   \   0000F1   7920         MOV     R1,#0x20
   \   0000F3   7C..         MOV     R4,#SampleApp_epDesc & 0xff
   \   0000F5   7D..         MOV     R5,#(SampleApp_epDesc >> 8) & 0xff
   \   0000F7   7A..         MOV     R2,#SampleApp_P2P_DstAddr & 0xff
   \   0000F9   7B..         MOV     R3,#(SampleApp_P2P_DstAddr >> 8) & 0xff
   \   0000FB   12....       LCALL   ??AF_DataRequest?relay
   \   0000FE   7409         MOV     A,#0x9
   \   000100   12....       LCALL   ?DEALLOC_XSTACK8
    586            
    587            //输出到LCD显示
    588            for(i=0; i<3; i++)
    589            {   
    590              if(i==0)
    591              {
    592                LCD_P16x16Ch(i*16,4,i*16);
   \   000103                ; Setup parameters for call to function LCD_P16x16Ch
   \   000103   7B00         MOV     R3,#0x0
   \   000105   7A04         MOV     R2,#0x4
   \   000107   7900         MOV     R1,#0x0
   \   000109   12....       LCALL   ??LCD_P16x16Ch?relay
    593                LCD_P16x16Ch(i*16,6,(i+3)*16);
   \   00010C                ; Setup parameters for call to function LCD_P16x16Ch
   \   00010C   7B30         MOV     R3,#0x30
   \   00010E   7A06         MOV     R2,#0x6
   \   000110   7900         MOV     R1,#0x0
   \   000112   12....       LCALL   ??LCD_P16x16Ch?relay
    594              }
   \   000115   7F01         MOV     R7,#0x1
    595              else
    596              {
    597                LCD_P16x16Ch(i*16,4,i*16);
   \                     ??SampleApp_Send_P2P_Message_0:
   \   000117   EF           MOV     A,R7
   \   000118   C4           SWAP    A
   \   000119   54F0         ANL     A,#0xf0
   \   00011B   FE           MOV     R6,A
   \   00011C                ; Setup parameters for call to function LCD_P16x16Ch
   \   00011C   FB           MOV     R3,A
   \   00011D   7A04         MOV     R2,#0x4
   \   00011F   F9           MOV     R1,A
   \   000120   12....       LCALL   ??LCD_P16x16Ch?relay
    598                LCD_P16x16Ch(i*16,6,i*16);        
   \   000123                ; Setup parameters for call to function LCD_P16x16Ch
   \   000123   EE           MOV     A,R6
   \   000124   FB           MOV     R3,A
   \   000125   7A06         MOV     R2,#0x6
   \   000127   F9           MOV     R1,A
   \   000128   12....       LCALL   ??LCD_P16x16Ch?relay
    599              }
    600            } 
   \   00012B   0F           INC     R7
   \   00012C   EF           MOV     A,R7
   \   00012D   C3           CLR     C
   \   00012E   9403         SUBB    A,#0x3
   \   000130   40E5         JC      ??SampleApp_Send_P2P_Message_0
    601            LCD_P8x16Str(44, 4, temp);
   \   000132                ; Setup parameters for call to function LCD_P8x16Str
   \   000132   7403         MOV     A,#0x3
   \   000134   12....       LCALL   ?XSTACK_DISP0_8
   \   000137   AC82         MOV     R4,DPL
   \   000139   AD83         MOV     R5,DPH
   \   00013B   7A04         MOV     R2,#0x4
   \   00013D   792C         MOV     R1,#0x2c
   \   00013F   12....       LCALL   ??LCD_P8x16Str?relay
    602            LCD_P8x16Str(44, 6, humidity);
   \   000142                ; Setup parameters for call to function LCD_P8x16Str
   \   000142   85..82       MOV     DPL,?XSP + 0
   \   000145   85..83       MOV     DPH,?XSP + 1
   \   000148   AC82         MOV     R4,DPL
   \   00014A   AD83         MOV     R5,DPH
   \   00014C   7A06         MOV     R2,#0x6
   \   00014E   792C         MOV     R1,#0x2c
   \   000150   12....       LCALL   ??LCD_P8x16Str?relay
    603           
    604          /*  if ( AF_DataRequest( &SampleApp_P2P_DstAddr, &SampleApp_epDesc,
    605                                 SAMPLEAPP_P2P_CLUSTERID,
    606                                 13,
    607                                 strTemp,
    608                                 &SampleApp_TransID,
    609                                 AF_DISCV_ROUTE,
    610                                 AF_DEFAULT_RADIUS ) == afStatus_SUCCESS )
    611            {
    612            }
    613            else
    614            {
    615              // Error occurred in request to send.
    616            }*/
    617          }
   \   000153   740A         MOV     A,#0xa
   \   000155                REQUIRE ?Subroutine0
   \   000155                ; // Fall through to label ?Subroutine0

   \                                 In  segment XDATA_ID, align 1, keep-with-next
   \                     `?<Initializer for ED>`:
   \   000000   08           DB 8

   \                                 In  segment BANK_RELAYS, align 1
   \                     ??SampleApp_Init?relay:
   \   000000   12....       LCALL   ?BDISPATCH
   \   000003   ......       DC24    SampleApp_Init

   \                                 In  segment BANK_RELAYS, align 1
   \                     ??SampleApp_ProcessEvent?relay:
   \   000000   12....       LCALL   ?BDISPATCH
   \   000003   ......       DC24    SampleApp_ProcessEvent

   \                                 In  segment BANK_RELAYS, align 1
   \                     ??SampleApp_HandleKeys?relay:
   \   000000   12....       LCALL   ?BDISPATCH
   \   000003   ......       DC24    SampleApp_HandleKeys

   \                                 In  segment BANK_RELAYS, align 1
   \                     ??SampleApp_CallBack?relay:
   \   000000   12....       LCALL   ?BDISPATCH
   \   000003   ......       DC24    SampleApp_CallBack

   \                                 In  segment BANK_RELAYS, align 1
   \                     ??SampleApp_MessageMSGCB?relay:
   \   000000   12....       LCALL   ?BDISPATCH
   \   000003   ......       DC24    SampleApp_MessageMSGCB

   \                                 In  segment BANK_RELAYS, align 1
   \                     ??SampleApp_SendPeriodicMessage?relay:
   \   000000   12....       LCALL   ?BDISPATCH
   \   000003   ......       DC24    SampleApp_SendPeriodicMessage

   \                                 In  segment BANK_RELAYS, align 1
   \                     ??SampleApp_SendFlashMessage?relay:
   \   000000   12....       LCALL   ?BDISPATCH
   \   000003   ......       DC24    SampleApp_SendFlashMessage

   \                                 In  segment BANK_RELAYS, align 1
   \                     ??SampleApp_Send_P2P_Message?relay:
   \   000000   12....       LCALL   ?BDISPATCH
   \   000003   ......       DC24    SampleApp_Send_P2P_Message

   \                                 In  segment XDATA_ROM_C, align 1
   \                     `?<Constant "Group 1">`:
   \   000000   47726F75     DB "Group 1"
   \            70203100

   \                                 In  segment XDATA_ROM_C, align 1
   \                     `?<Constant "SampleApp">`:
   \   000000   53616D70     DB "SampleApp"
   \            6C654170
   \            7000    

   \                                 In  segment XDATA_ROM_C, align 1
   \                     `?<Constant "0">`:
   \   000000   3000         DB "0"
    618          
    619          /*********************************************************************
    620          *********************************************************************/

   Maximum stack usage in bytes:

     Function                       ISTACK PSTACK XSTACK
     --------                       ------ ------ ------
     SampleApp_CallBack                 0      0     18
       -> HalUARTRead                   0      0     30
       -> HalUARTWrite                  0      0     30
       -> osal_memcpy                   0      0     36
       -> osalInitTasks                 0      0     30
       -> HalUARTWrite                  0      0     30
       -> HalUARTWrite                  0      0     30
     SampleApp_HandleKeys               0      0     22
       -> SampleApp_SendFlashMessage
                                        0      0     20
       -> aps_FindGroup                 0      0     20
       -> aps_RemoveGroup               0      0     20
       -> aps_AddGroup                  0      0     20
     SampleApp_Init                     0      0     14
       -> MT_UartInit                   0      0     22
       -> MT_UartRegisterTaskID         0      0     22
       -> afRegister                    0      0     22
       -> RegisterForKeys               0      0     22
       -> osal_memcpy                   0      0     28
       -> aps_AddGroup                  0      0     22
       -> HalLcdWriteString             0      0     22
     SampleApp_MessageMSGCB             0      0     22
       -> HalLedBlink                   0      0     20
     SampleApp_ProcessEvent             0      0     12
       -> osal_msg_receive              0      0     24
       -> osal_start_timerEx            0      0     24
       -> osal_msg_deallocate           0      0     24
       -> osal_msg_receive              0      0     24
       -> SampleApp_HandleKeys          0      0     24
       -> SampleApp_MessageMSGCB        0      0     24
       -> SampleApp_Send_P2P_Message
                                        0      0     24
       -> osal_rand                     0      0     24
       -> osal_start_timerEx            0      0     24
     SampleApp_SendFlashMessage         1      0     32
       -> AF_DataRequest                0      0     44
     SampleApp_SendPeriodicMessage      0      0     19
       -> AF_DataRequest                0      0     38
     SampleApp_Send_P2P_Message         2      0     41
       -> Delay_ms                      0      0     40
       -> DHT11                         0      0     40
       -> Delay_ms                      0      0     40
       -> AF_DataRequest                0      0     58
       -> LCD_P16x16Ch                  0      0     40
       -> LCD_P16x16Ch                  0      0     40
       -> LCD_P16x16Ch                  0      0     40
       -> LCD_P16x16Ch                  0      0     40
       -> LCD_P8x16Str                  0      0     40
       -> LCD_P8x16Str                  0      0     40


   Segment part sizes:

     Function/Label                        Bytes
     --------------                        -----
     P0SEL                                    1
     SampleApp_ClusterList                    4
     SampleApp_SimpleDesc                    12
     SampleApp_epDesc                         6
     SampleApp_TaskID                         1
     SampleApp_NwkState                       1
     SampleApp_TransID                        1
     SampleApp_Periodic_DstAddr              12
     SampleApp_Flash_DstAddr                 12
     SampleApp_P2P_DstAddr                   12
     SampleApp_Group                         18
     SampleAppPeriodicCounter                 1
     SampleAppFlashCounter                    1
     SerialApp_TxBuf                         81
     SerialApp_TxLen                          1
     wendu                                    1
     shidu                                    1
     ED                                       1
     s                                       30
     init                                    30
     q                                        1
     SampleApp_Init                         188
     SampleApp_ProcessEvent                 176
     SampleApp_HandleKeys                    62
     ??Subroutine2_0                          5
     SampleApp_CallBack                     141
     ?Subroutine1                            21
     SampleApp_MessageMSGCB                  84
     SampleApp_SendPeriodicMessage           69
     ?Subroutine0                             3
     SampleApp_SendFlashMessage             118
     SampleApp_Send_P2P_Message             341
     ?<Initializer for ED>                    1
     ??SampleApp_Init?relay                   6
     ??SampleApp_ProcessEvent?relay           6
     ??SampleApp_HandleKeys?relay             6
     ??SampleApp_CallBack?relay               6
     ??SampleApp_MessageMSGCB?relay           6
     ??SampleApp_SendPeriodicMessage?relay    6
     ??SampleApp_SendFlashMessage?relay       6
     ??SampleApp_Send_P2P_Message?relay       6
     ?<Constant "Group 1">                    8
     ?<Constant "SampleApp">                 10
     ?<Constant "0">                          2

 
 1 208 bytes in segment BANKED_CODE
    48 bytes in segment BANK_RELAYS
     1 byte  in segment SFR_AN
     1 byte  in segment XDATA_I
     1 byte  in segment XDATA_ID
    36 bytes in segment XDATA_ROM_C
   210 bytes in segment XDATA_Z
 
 1 257 bytes of CODE  memory
    36 bytes of CONST memory
     0 bytes of DATA  memory (+ 1 byte shared)
   211 bytes of XDATA memory

Errors: none
Warnings: 3
